*****> uzjmwmjx
*****> sapkhtjm
*****> beuepbxp
*****> ninaswrp
*****> zyviedib
*****> eohipqym
*****> dqlellcp
*****> pdfsdtco
*****> hwtziptc
*****> wvqxfmhj
*****> vflblblk
*****> lhcuhtgc
*****> jjmnvtcl
*****> egyzycjf
*****> utpjrelm
*****> fcpbphwe
*****> odcokfal
*****> gzgrznjv
*****> sqhsxsrs
*****> jbtlklbm
*****> xrhizjnv
*****> nkkptqtm
*****> szzfnvpa
*****> vkibuzcb
*****> pzyipwce
*****> fejadxrz
*****> nlibubzs
*****> xhbkmnlf
*****> vvyvlcre
*****> tjjsshwo
*****> udoyxhli
*****> xjspcoay
*****> sdnnkime
*****> iszfobbd
*****> blafqezc
*****> qcxhkhje
*****> bnqggggc
*****> htvyyeuj
*****> aizbnflc
*****> dfpxgsra
*****> aqockzlo
*****> bfsvcdfu
*****> teipnnqy
*****> jgwwqfga
*****> npawoodl
*****> hbzqgqdg
*****> xglyifcv
*****> wqdmkyme
*****> aqzvngvo
*****> fghjxasf
*****> toymjrho
*****> jpytrxof
*****> ygvudfwl
*****> uzhybhne
*****> rjhmkmzk
*****> iguainss
*****> zjptxeze
*****> ucyzbdii
*****> lkhnpmcz
*****> lbtjoxhz
*****> dcbfnpnz
*****> vblwouzl
*****> lgjlbpwa
*****> iwiilwqf
*****> rbxpjweu
*****> oxlpmyps
*****> xgtowjfq
*****> huvdoeuj
*****> aoagdrpy
*****> vldghzlb
*****> yqfmhtmb
*****> mqlnyrea
*****> nprxflcy
*****> vmklrmcd
*****> zzjhvuyj
*****> egnpadnj
*****> wqiuqjur
*****> yfsypjgz
*****> uadmdfbl
*****> wqlnsmgy
*****> oxvbkjlv
*****> pizfdcmr
*****> gcjlbeas
*****> ppqjtfoy
*****> lyvwdeob
*****> vzhuqhio
*****> fyvezkqk
*****> nthkhjpq
*****> gupnbikj
*****> svybfggg
*****> pnhxriwp
*****> bccvnucd
*****> enidqmoy
*****> vtxesflv
*****> dqgqrpmk
*****> dudhjgjs
*****> pjdizezd
*****> toncqmnq
*****> yidbslvo
*****> hgawlify
*****> yrvlqejs
*****> ktmxlesh
*****> tgysqmec
*****> bkdfgnyc
*****> qnpktnxw
*****> yyviqity
*****> stdhshca
*****> uiestwnx
*****> nmdcbdur
*****> mwfdtsay
*****> lgrxmhii
*****> hrescgkv
*****> sodczvyc
*****> yffhknun
*****> sphhsljq
*****> igocxamh
*****> eqicjgxz
*****> noyrdibn
*****> doyskuql
*****> dlcoqjkj
*****> nbtwphpt
*****> famycrut
*****> hmpboyxf
*****> pjfeavnh
*****> ynaafhcy
*****> kvcdgshq
*****> hbwodphj
*****> dbiooymb
*****> csnsadfk
*****> pighkhhw
*****> ileuwsah
*****> ehhbvxes
*****> ypiecwos
*****> jlrnkpgv
*****> nbcinbpt
*****> qjyheeue
*****> rlsyxaul
*****> ocfzpsyd
*****> oxiuzwmi
*****> czvexykf
*****> fmpgjine
*****> vtoaigcp
*****> sqbwomma
*****> xuyificp
*****> qikkhrlx
*****> ffhmdmhc
*****> yeyrnfml
*****> grxakhja
*****> sjyyhhvr
*****> uawjnfbo
*****> wmuoyknj
*****> fgiayhjx
*****> zgrcoskf
*****> jzjbfnth
*****> mrcuswqd
*****> zuubumif
*****> bhmxfbdx
*****> mxlwqgrb
*****> ckkgihil
*****> ymrnschm
*****> fvglqzry
*****> hqobatww
*****> exweqasu
*****> tyhvaoop
*****> abtjycwt
*****> buosyubt
*****> dmdhymal
*****> qczvgauo
*****> kxhielyv
*****> qsgejggm
*****> gqkrqvle
*****> jxmvplpn
*****> ixmjflgw
*****> ncwxgxeh
*****> pnprcxge
*****> wnybrwuy
*****> krjrxzmg
*****> krlqrttx
*****> ckegzqix
*****> eoqtxerc
*****> vedjvzxj
*****> vjsscpkz
*****> myfozjvv
*****> zlhnbnpx
*****> qmpyuexi
*****> nlmykawy
*****> kptdztpg
*****> ccoaphjz
*****> ygadfkkb
*****> xqxsvtrg
*****> wjtdhxta
*****> qrzfbzhh
*****> zbhlwcro
*****> ssplukan
*****> qpwtwmrl
*****> xtprzhji
*****> vdnvalrj
*****> jcpdpsda
*****> zffvkecn
*****> jamggffb
*****> jgmrllmc
*****> wkyrhcrw
*****> lroekreh
*****> izsrrkgl
*****> iynigrrv
*****> trrljqah
*****> jrchtsnk
*****> xfjblnys
*****> rqmtjjbw
*****> xfkchjls
*****> ajlzpzvl
*****> lidcwcqi
*****> zoncdfeu
*****> ajqqsvtt
*****> ymyjmwzk
*****> ihkqkmhw
*****> grpgcwjz
*****> aznjasxo
*****> tsdhybpj
*****> wldtccbb
*****> sfcuhtsf
*****> haqtjrli
*****> xymfjtlg
*****> mvtqyeuv
*****> pqrkktab
*****> etjwidmp
*****> ktytebqh
*****> yvpfkrgx
*****> sfndsxpt
*****> eoodlbwn
*****> jrgskzgv
*****> gdrsjeze
*****> ucqufchw
*****> etjkfcdk
*****> awlqyucr
*****> ewhxufya
*****> lakhulop
*****> lsfaaudr
*****> vlzghqvn
*****> sawkhhhj
*****> cgmdumam
*****> wokzpfzc
*****> rtqzqval
*****> ccriqwtq
*****> inekqujz
*****> wxipwyzm
*****> vklswnvz
*****> vjluptxg
*****> uujeiyig
*****> fdwwspoq
*****> liuqhsgo
*****> dkiruqru
*****> hysltxhq
*****> rctzihcr
*****> fjpoinig
*****> rsllftsc
*****> kvhakfyp
*****> xgdmdylh
*****> wfwdgeri
*****> wuffjxje
*****> owsfvzjk
*****> oqwgpxkz
*****> ytgplnrs
*****> tdkplcyl
*****> pgbrsqnr
*****> kykotifq
*****> jlhmurpw
*****> uycwtfwv
*****> cxwxwkzf
*****> dhfknyuo
*****> lsjtflcn
*****> vnlnlsee
*****> sllkxgqn
*****> wnfupwvp
*****> tmunheps
*****> igceuhef
*****> fgshrzot
*****> nplcdkhh
*****> bwqdmozz
*****> avspnrpw
*****> trczkmub
*****> equtpwsg
*****> mjdkigja
*****> vwpeyfke
*****> qvgjnrgy
*****> fevxhgmt
*****> wagxitqq
*****> jlvxseuc
*****> tdrrihjc
*****> ppbqpoed
*****> zopedsys
*****> jerjrvfp
*****> gdsuknnz
*****> bnqfrklc
*****> cjypafes
*****> fzjqzmtk
*****> vvktranq
*****> jkwfjtbi
*****> qoobqpwf
*****> kqslfrmq
*****> ojbupmrf
*****> mfnzepnj
*****> rlzuhbxo
*****> umzvupla
*****> oprouetr
*****> nwuppbyw
*****> fknutzff
*****> ptxmwrhs
*****> pmpyxmic
*****> dfsdhhgd
*****> vhjpsuqh
*****> rshcnnka
*****> vngjvxze
*****> fubhnerb
*****> groicmef
*****> fcgpdohi
*****> dyxzgeou
*****> yvmqiysg
*****> jheiruqo
*****> abnqudoy
*****> qyxauzhl
*****> ezbhqidu
*****> gcfqrnqj
*****> dquhfdre
*****> cpbgbrvz
*****> wrededqg
*****> wnsovzze
*****> vbcplfom
*****> ylherawa
*****> gygiojoq
*****> jjlvmmxa
*****> llavvjib
*****> eftxqibl
*****> ezldktcw
*****> wiolilul
*****> pmaqhtya
*****> ehmgrxus
*****> rcrtieae
*****> eyymcigh
*****> egwahvyk
*****> jnjuogrq
*****> jjwvxxen
*****> ggknrclz
*****> hcfifeyv
*****> dwbxswhe
*****> lenurbcj
*****> pfnvwnxq
*****> gjnltzdx
*****> qemchvrg
*****> ehxdzvgu
*****> nypxzadl
*****> cblmhonm
*****> gdkxfzsz
*****> sejhivxw
*****> klfsmjpu
*****> eptpqwpj
*****> rtkqxkqh
*****> fnndeisd
*****> iqlhysch
*****> zjwkheqi
*****> scxntywn
*****> bussabyc
*****> rjwhguhd
*****> xqshsvfu
*****> hshryhvl
*****> uvsyeqbh
*****> vhfauwmx
*****> rchwbrur
*****> wtqoddui
*****> ujzsupqg
*****> yfuoiddz
*****> lwfncune
*****> stkudzuh
*****> cdpofxai
*****> ywsrsxik
*****> pknakuqq
*****> obczjjph
*****> kborzkpo
*****> wzkacjqo
*****> dmacwjlt
*****> lscrmeho
*****> opixwidv
*****> uqoqbxhv
*****> posgrqzm
*****> ececxlzy
*****> saeawtyr
*****> dzgbhtyb
*****> wdwinzkm
*****> obyhydpv
*****> wbqutjtw
*****> lzhxhiab
*****> soaxxwwm
*****> ovrbwziu
*****> gmtonifm
*****> pvgqsdji
*****> hggyfdpe
*****> cduhgaer
*****> nwuqzwgn
*****> wlcamfez
*****> tcfpoynx
*****> oijeflss
*****> jyofxvsr
*****> wuhqayem
*****> sfuywrjk
*****> xtpmmrfe
*****> ofhoedhd
*****> ahjnwzqf
*****> qwfhevwd
*****> vbpgwndn
*****> ojcrlhxp
*****> kzgzymdk
*****> eneibqgn
*****> wsoqxqgq
*****> imjphonu
*****> grioyutc
*****> olfylnse
*****> jivsqfgb
*****> vphwmtqk
*****> oelarlgh
*****> nzzwbeod
*****> zcgotwpy
*****> cqwlhxoq
*****> fkmsfuxz
*****> vocesueo
*****> kgwmbszl
*****> gewizhhj
*****> wegqxfgy
*****> zrvcibxe
*****> msumqrhu
*****> qreaedhk
*****> xiedubmg
*****> wynozocw
*****> xmyfeqev
*****> qorjadqc
*****> yzslxobc
*****> koqadtep
*****> avyxcqwo
*****> efuzlcwk
*****> kzajsvfq
*****> eanvhlry
*****> ypnlvafi
*****> mxonvoyq
*****> cyxnmrhg
*****> tgswliye
*****> bzwuobwh
*****> jpcgmdwm
*****> enkccggd
*****> aytqlhuk
*****> wthswiie
*****> gixtfxkt
*****> crdqejne
*****> ehovycrr
*****> llvmgwbb
*****> ahhcnjvn
*****> pmdiiojd
*****> caznegdy
*****> fxdnpmph
*****> rwpyxbdh
*****> vljftoss
*****> lgeleikn
*****> tleshnis
*****> ichuwvkm
*****> tsuftxok
*****> sqquqqxe
*****> eeqdequx
*****> qytfhxhm
*****> oppwndsd
*****> adycluqo
*****> zjsspumc
*****> irmzgfje
*****> hqwbgrpz
*****> qokxmymh
*****> kqkyufjd
*****> wlxmhldu
*****> grzfzwcp
*****> baytrezw
*****> ixntcjfb
*****> quqzgfuk
*****> ozdmxkvd
*****> rooikbpk
*****> qwbdyija
*****> shjtlqmc
*****> tmonwvya
*****> qzwoelnz
*****> efsemrgd
*****> kwazqlbx
*****> zetjzfne
*****> zvufgavo
*****> ultpeain
*****> noenbtvv
*****> jzweanoh
*****> xcfycjaf
*****> iyvlvczc
*****> vqmlxljm
*****> ukiciimb
*****> zrwkwaau
*****> jvctpnet
*****> kgwgnqjp
*****> yswvbijf
*****> rowwogfb
*****> kdiucmsr
*****> qbcpuyqz
*****> unijanyp
*****> bltjvabv
*****> utbeseif
*****> zvylunfh
*****> lyacwvay
*****> rrjrrekq
*****> iutegfms
*****> krenxpoj
*****> ikqkizbu
*****> pjovivah
*****> yxhwoekd
*****> uvvxglwd
*****> cjjtfuhq
*****> jpakqniq
*****> ocohvbps
*****> hsmbhywa
*****> hpdbjsxn
*****> gvirktgc
*****> rwqyolhd
*****> ydraiqrd
*****> sfwmqago
*****> fxkcymji
*****> mtvlzmhq
*****> zkadichj
*****> etzmekeh
*****> dexjjgdw
*****> vzjggowx
*****> rgxsvjug
*****> zpqxquxm
*****> hagqylwa
*****> evwnqlyj
*****> vfaseuhd
*****> xajfjxdp
*****> whpbbipp
*****> riijvtra
*****> phldrfni
*****> quwfqpaa
*****> eojkbmkw
*****> dzkyieru
*****> txlbttfd
*****> ywgjerwb
*****> qtmrztqj
*****> fvwjdcqo
*****> xfnunwni
*****> utcjdvxv
*****> nhbiqtrp
*****> sjfpruda
*****> ljctpvxu
*****> wgkudmcu
*****> lmudzjkf
*****> hshihcut
*****> lckteleg
*****> xwuxtcoe
*****> jgqyivfj
*****> iittosud
*****> puwdxtuc
*****> nbksdlpz
*****> qhmvahtx
*****> iwztohtv
*****> wqxaphrp
*****> afgyterq
*****> xhbvxfpz
*****> jkcuzohf
*****> hdgxadmt
*****> gyxruruo
*****> svyclrkm
*****> uvizohkh
*****> xwoyemds
*****> rhskiqwj
*****> wwduwtgb
*****> oiiosbgp
*****> btmdotip
*****> ysilsmmt
*****> jnynvhms
*****> lgluvsbk
*****> vtypvpce
*****> ywhwanek
*****> dnlqpkvn
*****> kqfxmprc
*****> kfyerzam
*****> benwzimp
*****> defaugww
*****> rtvubjpu
*****> gjlvsvvd
*****> onlwionv
*****> soexiifj
*****> iapmagbf
*****> otjprqwt
*****> hqycbrpo
*****> gxkprlgk
*****> oxgaqhhs
*****> hbaeuskn
*****> rzovispa
*****> xfulmmbv
*****> uvujjxiy
*****> zwfjezkz
*****> qnzzyenl
*****> quwsylqc
*****> zqatooid
*****> gglqobhy
*****> zuvnemrq
*****> swxvkxjj
*****> infvszjd
*****> dmtusslj
*****> ifqalwmn
*****> poefomkn
*****> xuonelpu
*****> urokeito
*****> ibwnfwmc
*****> zxjybqmy
*****> lqgnhhbc
*****> ozlxyeas
*****> ojkpqbxr
*****> bgdqhtgf
*****> xutufmqo
*****> ohyiekwg
*****> sxjwbxua
*****> mvhgphra
*****> rjtczkvj
*****> otetsrqv
*****> kjrovttm
*****> rcwbosxu
*****> wphrchxw
*****> vkbnxyvd
*****> iwmfozqu
*****> acvslvkw
*****> wkszbwlu
*****> yelvwdtz
*****> xpzbhbxt
*****> cgykaqpp
*****> bdpcicsq
*****> nbiteorq
*****> bmbprydp
*****> ikdoibqf
*****> tlpochvw
*****> cigugvue
*****> osycedbn
*****> fnbpgpiv
*****> lowivhcw
*****> bszddyik
*****> dlapgxea
*****> ljospskr
*****> jurrcsrd
*****> ypeuytuq
*****> vfprhttr
*****> dacrousk
*****> flzlhjyh
*****> kldqglvt
*****> azjadghe
*****> feckkuzs
*****> nnviodyn
*****> zgmrugwz
*****> lcxgxqsi
*****> wbmviuxa
*****> xwuclypl
*****> lctphauk
*****> mkphkwyi
*****> xsxuthiu
*****> qgijdazp
*****> yqmmxuoy
*****> hydamhhk
*****> fixvdayi
*****> oxjpbkxm
*****> rmyjovoh
*****> kfnvjyvw
*****> gasdwacz
*****> nakcsbyn
*****> iasoymzn
*****> mtgtwsth
*****> stfdejrs
*****> jfsiaigt
*****> wywkbhfu
*****> phwfpmxl
*****> xokimjqb
*****> ikzwrzdw
*****> rhwiamwt
*****> lbbrbwrc
*****> bqunhmfd
*****> tryjydjs
*****> grvzhapx
*****> tzuizjvy
*****> hgclqpkn
*****> ukdzbrwa
*****> massrhtd
*****> bwjrtxxl
*****> uztzbhuc
*****> azyqaafv
*****> tdsgcuhw
*****> jjtizfnv
*****> qrmbtcyi
*****> hwgytyat
*****> mjkslngu
*****> tdwhgqck
*****> fhsiwmog
*****> vtpdtifn
*****> gvtmmfno
*****> ntoilrau
*****> lkrdkfak
*****> wdppumuz
*****> yurqwfst
*****> fyawjwnk
*****> ufguawix
*****> hvcgdofa
*****> zavhrqmj
*****> isayaxgc
*****> hunhdarp
*****> cltrwvqc
*****> hhzoabvu
*****> ekhoawir
*****> zstswiif
*****> cabceaet
*****> rmwdfczb
*****> uovtspli
*****> kswxrfbw
*****> mhoturmu
*****> pzbalytm
*****> ccdkgxun
*****> wqbdslcw
*****> ypaxcgpz
*****> rviqukds
*****> uedgqkow
*****> xqyvbzrh
*****> mjvwvzgf
*****> vflmwnfp
*****> cqhjhbsu
*****> lwcovqng
*****> tymatlct
*****> pnlduitz
*****> lfgfrzdu
*****> ezlzepyi
*****> zbsucmqb
*****> srupmfcz
*****> ucinxoha
*****> eagtbzxp
*****> rvfeaytk
*****> tvrzunhr
*****> fefjqfsb
*****> isklgbss
*****> wsxzyyqe
*****> dhjrivcp
*****> inyolrmz
*****> ahnosfsn
*****> myylodzd
*****> qzpmxpza
*****> rnjbiogf
*****> rntukbua
*****> ackflzyo
*****> uajstdvl
*****> izhyjyzd
*****> pfflathy
*****> rjifmryy
*****> prnrdwhb
*****> ynebecnp
*****> jynemlri
*****> zslorruy
*****> dmzhihyy
*****> dlazmbrb
*****> itdeenwa
*****> bmocrlzu
*****> lgunqnrn
*****> txnoswpu
*****> wgnlzits
*****> gsrddvuy
*****> fmrbnsrc
*****> joifaniz
*****> mhuoseqq
*****> jykelafp
*****> phtnixlf
*****> jjrhxlmj
*****> hclkwwxx
*****> yvnvcauc
*****> lfmcvejw
*****> nmcgnmyt
*****> jraeqdlx
*****> ghxgtxua
*****> fdgctwep
*****> difqlhyk
*****> iwfjwvbk
*****> tbmfsrbo
*****> tbvrbfgz
*****> eplbnxdp
*****> ajgiucth
*****> cvnijjnl
*****> mcdsormy
*****> dtfkddmx
*****> nahsvhkc
*****> hylhdkid
*****> ztaqutqc
*****> mwimngqv
*****> jrcsmhib
*****> rkihvelr
*****> woxuifjo
*****> gtnfezxv
*****> zsflvewl
*****> wfqsmsza
*****> urcagjeg
*****> crtbdqdx
*****> whfchbld
*****> vncfwtqq
*****> wdizocxv
*****> swqpokyh
*****> whauhaje
*****> kwlcstct
*****> bsayvkkh
*****> noykakpa
*****> jjsnbwjc
*****> fhgoczcc
*****> wtxpxzfw
*****> crgjnysr
*****> ezzjovky
*****> ezorillt
*****> yyjawlec
*****> qncmthig
*****> xrzssxrr
*****> vppkbaxk
*****> drqrsxwh
*****> pjmzminp
*****> yfxxwjuo
*****> zvwddcvi
*****> fnfrrloc
*****> qbtlufjv
*****> enycdeph
*****> supznymu
*****> xigdbxvm
*****> zwzgjyak
*****> lijyurqo
*****> iwicocfk
*****> jbigilbs
*****> ddivunlv
*****> xclgprzc
*****> qjuppkfz
*****> jkapvzcb
*****> eblzemht
*****> wsxcejge
*****> yzzoqxfa
*****> qvgubhqd
*****> uttwzxzp
*****> vatiqihk
*****> erfcwpuy
*****> ldrkouqs
*****> essgfzao
*****> tmznkfov
*****> fxfgvitn
*****> resgujxo
*****> ohetlrym
*****> ebcpracq
*****> thiunvcy
*****> wntrpbfa
*****> dstevcqb
*****> zblwhdqd
*****> fmlmitvu
*****> caftjkkm
*****> bjflrufu
*****> bemcmitf
*****> ffpijevm
*****> pvnzkpbr
*****> vbvbjcmw
*****> djpfmbcn
*****> gbaunjce
*****> wahdkluz
*****> zltqmngv
*****> skpxbgov
*****> xxlztadu
*****> cjdudiod
*****> hfsgvrvm
*****> loihsyrl
*****> pmwceagw
*****> aaypqkio
*****> xzjhigqb
*****> jpxwijxe
*****> jyzlrvzq
*****> peypbdpn
*****> kysetrvg
*****> okcsgypt
*****> idciniyu
*****> fwkscfmu
*****> mzmggozl
*****> sgslsdae
*****> ynobfmhu
*****> byaeqdtn
*****> qbrtbsiu
*****> xfwybqss
*****> utsuajfp
*****> qsxkioev
*****> upiwsasb
*****> tcxwymis
*****> qhbiopqc
*****> ygvqxztb
*****> advumcio
*****> ytnrahhg
*****> oxrfpcho
*****> fgicuike
*****> dtftqafb
*****> ecdbeqcb
*****> mhtrhhwm
*****> nspuulig
*****> kybwppue
*****> eoazdpgh
*****> vyeyyhmj
*****> hsgrjngq
*****> ysnqkkff
*****> cnyeoygn
*****> syorgjtq
*****> ukkjmxrm
*****> lyhxtxhj
*****> wphlikgh
*****> kherfcgg
*****> kmtbaqdi
*****> egmstfda
*****> snvyixcx
*****> zwebebmf
*****> pucypzcr
*****> bynwvfpi
*****> ozqxtawo
*****> gvafftbb
*****> oqdhmwzc
*****> kvalwlxz
*****> drhytuqx
*****> ogtqbxee
*****> qqxenkjw
*****> kjvzifbj
*****> fuyvnqpt
*****> emkamfhy
*****> gyksytqo
*****> gxmgibht
*****> fkhlrvnd
*****> dsuesffo
*****> bbyydfoz
*****> sedvdqoc
*****> koupgygf
*****> roernfmy
*****> azyzhdcu
*****> njddhkqc
*****> smxeyezd
*****> afwupubp
*****> txneeaml
*****> ryyhukvn
*****> onflatix
*****> vhsmypvm
*****> hcoabdgz
*****> ivwaezam
*****> tohaujel
*****> jofjfibk
*****> vhwtmqyj
*****> fmprciyx
*****> umhzxmax
*****> piqjjzpy
*****> vcqzbuor
*****> dlryjphk
*****> xixuhwar
*****> adnigjuk
*****> essjxxgq
*****> nvbkjeid
*****> jytlzrdm
*****> kzooprdv
*****> vzmypufa
*****> mwblqupi
*****> fhtqjfij
*****> svxkvzhw
*****> qqeefvad
*****> fksnijeo
*****> wkohuyqq
*****> ehliehcw
*****> pevfrygs
*****> wxoxcegf
*****> hbvbgtka
*****> pjtdvmqc
*****> tzbufwry
*****> xytgzmas
*****> svypuoee
*****> erigohxx
*****> efqtgsex
*****> wqesohvb
*****> xylyjuob
*****> xvdchbkl
*****> ryrhtwow
*****> qekmjyde
*****> hvgklusm
*****> zszuriek
*****> iujakcmf
*****> cloykmsq
*****> qxqdfcnb
*****> mpyeheea
*****> qyszouvo
*****> jxvhowyg
*****> xgvghbwj
*****> gcuxapsq
*****> ipfstkrd
*****> fvbwtggl
*****> jysihjsv
*****> mpdmtkze
*****> cljtfuvf
*****> rethjxoe
*****> tnvftxwz
*****> slucwvpd
*****> rwiswpxo
*****> kjepayta
*****> mxvbwqqz
=====> walking....verifying now... if no error messages, everything is all good
